<?xml version="1.0" encoding="UTF-8"?><testsuite errors="0" failures="0" name="utility navigation bar" skipped="0" tests="3" time="69.45" timestamp="2023-09-28 09:16:31"><testcase name="It will be validated that the anchor element &quot;Booking.com&quot; redirects to the Vuelos page."/><testcase name="It will be validated that the anchor element &quot;Booking.com&quot; redirects to the Alquileres de coche page."/><testcase name="It will be validated that the anchor element &quot;Booking.com&quot; redirects to the Atracciones turisticas page."/></testsuite>